<?xml version="1.0" encoding="UTF-8"?>
<!-- Generated by org.testng.reporters.JUnitReportReporter -->
<testsuite hostname="DESKTOP-C50PI6G" failures="0" tests="1" name="com.ecommerce.test.Forgotpassword" time="47.847" errors="0" timestamp="2024-10-05T12:37:02 IST" skipped="0">
  <testcase classname="com.ecommerce.test.Forgotpassword" name="NavigateToChangePasswordPage" time="47.847"/>
</testsuite> <!-- com.ecommerce.test.Forgotpassword -->
