<?xml version="1.0" encoding="UTF-8"?>
<!-- Generated by org.testng.reporters.JUnitReportReporter -->
<testsuite hostname="DESKTOP-C50PI6G" failures="0" tests="1" name="com.ecommerce.test.Checkoutpages" time="18.549" errors="0" timestamp="2024-10-02T14:33:31 IST" skipped="0">
  <testcase classname="com.ecommerce.test.Checkoutpages" name="NavigateToCheckoutPage" time="18.549"/>
</testsuite> <!-- com.ecommerce.test.Checkoutpages -->
