<?xml version="1.0" encoding="UTF-8"?>
<!-- Generated by org.testng.reporters.JUnitReportReporter -->
<testsuite hostname="DESKTOP-C50PI6G" failures="0" tests="1" name="com.ecommerce.test.Myaccountinformation" time="80.334" errors="0" timestamp="2024-10-05T11:26:40 IST" skipped="0">
  <testcase classname="com.ecommerce.test.Myaccountinformation" name="NavigateBack" time="80.334"/>
</testsuite> <!-- com.ecommerce.test.Myaccountinformation -->
