<?xml version="1.0" encoding="UTF-8"?>
<!-- Generated by org.testng.reporters.JUnitReportReporter -->
<testsuite hostname="DESKTOP-C50PI6G" failures="0" tests="2" name="com.ecommerce.test.LoginPage" time="12.741" errors="0" timestamp="2024-10-03T10:25:37 IST" skipped="1">
  <testcase classname="com.ecommerce.test.LoginPage" name="LoginWithcredentials" time="12.741"/>
  <testcase classname="com.ecommerce.test.LoginPage" name="LoginWithKeyboardkeys">
    <skipped/>
  </testcase> <!-- LoginWithKeyboardkeys -->
</testsuite> <!-- com.ecommerce.test.LoginPage -->
