<?xml version="1.0" encoding="UTF-8"?>
<!-- Generated by org.testng.reporters.JUnitReportReporter -->
<testsuite hostname="DESKTOP-C50PI6G" failures="0" tests="4" name="e_Commerce_testClasses.ProductDisplay" time="27.654" errors="0" timestamp="2024-09-10T17:13:10 IST" skipped="0">
  <testcase classname="e_Commerce_testClasses.ProductDisplay" name="verifyproductquantity" time="6.403"/>
  <system-out/>
  <testcase classname="e_Commerce_testClasses.ProductDisplay" name="ProductDetails" time="6.174"/>
  <system-out/>
  <testcase classname="e_Commerce_testClasses.ProductDisplay" name="verifyImageThumbnails" time="6.320"/>
  <system-out/>
  <testcase classname="e_Commerce_testClasses.ProductDisplay" name="verifyNegativeQuantity" time="8.757"/>
  <system-out/>
</testsuite> <!-- e_Commerce_testClasses.ProductDisplay -->
