<?xml version="1.0" encoding="UTF-8"?>
<!-- Generated by org.testng.reporters.JUnitReportReporter -->
<testsuite hostname="DESKTOP-C50PI6G" failures="0" tests="1" name="com.ecommerce.test.ShoppingCartPage" time="17.340" errors="0" timestamp="2024-10-02T12:14:11 IST" skipped="0">
  <testcase classname="com.ecommerce.test.ShoppingCartPage" name="CancelShiipingEstimate" time="17.340"/>
</testsuite> <!-- com.ecommerce.test.ShoppingCartPage -->
