<?xml version="1.0" encoding="UTF-8"?>
<!-- Generated by org.testng.reporters.JUnitReportReporter -->
<testsuite hostname="DESKTOP-C50PI6G" failures="0" tests="13" name="e_Commerce_testClasses.LoginPage" time="93.817" errors="0" timestamp="2024-09-10T17:13:10 IST" skipped="0">
  <testcase classname="e_Commerce_testClasses.LoginPage" name="LoginWithcredentials" time="8.086"/>
  <system-out/>
  <testcase classname="e_Commerce_testClasses.LoginPage" name="LoginWithKeyboardkeys" time="6.658"/>
  <system-out/>
  <testcase classname="e_Commerce_testClasses.LoginPage" name="LoginWithInvalidcredentials" time="6.088"/>
  <system-out/>
  <testcase classname="e_Commerce_testClasses.LoginPage" name="LoginWithInvalidEmail" time="7.645"/>
  <system-out/>
  <testcase classname="e_Commerce_testClasses.LoginPage" name="LoginWithInvalidPassword" time="6.270"/>
  <system-out/>
  <testcase classname="e_Commerce_testClasses.LoginPage" name="ForgotLink" time="7.795"/>
  <system-out/>
  <testcase classname="e_Commerce_testClasses.LoginPage" name="LoginAndLogout" time="7.259"/>
  <system-out/>
  <testcase classname="e_Commerce_testClasses.LoginPage" name="PasswordResetandLogin" time="6.862"/>
  <system-out/>
  <testcase classname="e_Commerce_testClasses.LoginPage" name="verifyNavigationFromLoginPageToEditAccount" time="8.724"/>
  <system-out/>
  <testcase classname="e_Commerce_testClasses.LoginPage" name="verifyNavigationFromLoginPageToDownloads" time="7.950"/>
  <system-out/>
  <testcase classname="e_Commerce_testClasses.LoginPage" name="verifyNavigationFromLoginPageToWishList" time="6.816"/>
  <system-out/>
  <testcase classname="e_Commerce_testClasses.LoginPage" name="verifyNavigationFromLoginPageToPassword" time="6.980"/>
  <system-out/>
  <testcase classname="e_Commerce_testClasses.LoginPage" name="verifyNavigationFromLoginPageToRecurringPayments" time="6.684"/>
  <system-out/>
</testsuite> <!-- e_Commerce_testClasses.LoginPage -->
