<?xml version="1.0" encoding="UTF-8"?>
<!-- Generated by org.testng.reporters.JUnitReportReporter -->
<testsuite hostname="DESKTOP-C50PI6G" failures="0" tests="1" name="CartPagesTestClasses.ShoppingCartPage" time="17.179" errors="0" timestamp="2024-09-14T16:10:45 IST" skipped="0">
  <testcase classname="CartPagesTestClasses.ShoppingCartPage" name="removeProductfromCart" time="17.179"/>
  <system-out/>
</testsuite> <!-- CartPagesTestClasses.ShoppingCartPage -->
