<?xml version="1.0" encoding="UTF-8"?>
<!-- Generated by org.testng.reporters.JUnitReportReporter -->
<testsuite hostname="DESKTOP-C50PI6G" failures="0" tests="1" name="com.ecommerce.test.myAccountPage" time="11.720" errors="0" timestamp="2024-10-03T11:15:11 IST" skipped="0">
  <testcase classname="com.ecommerce.test.myAccountPage" name="BreadcrumbisDisplayed" time="11.720"/>
</testsuite> <!-- com.ecommerce.test.myAccountPage -->
