<?xml version="1.0" encoding="UTF-8"?>
<!-- Generated by org.testng.reporters.JUnitReportReporter -->
<testsuite hostname="DESKTOP-C50PI6G" failures="0" tests="4" name="e_Commerce_testClasses.LogoutPageTestCases" time="37.530" errors="0" timestamp="2024-09-10T17:13:10 IST" skipped="0">
  <testcase classname="e_Commerce_testClasses.LogoutPageTestCases" name="Logout_functionalityBySideMenu" time="8.395"/>
  <system-out/>
  <testcase classname="e_Commerce_testClasses.LogoutPageTestCases" name="CheckLogoutAndLogin" time="9.189"/>
  <system-out/>
  <testcase classname="e_Commerce_testClasses.LogoutPageTestCases" name="Logout_functionAndNavigateBack" time="10.298"/>
  <system-out/>
  <testcase classname="e_Commerce_testClasses.LogoutPageTestCases" name="Logout_functionality1" time="9.648"/>
  <system-out/>
</testsuite> <!-- e_Commerce_testClasses.LogoutPageTestCases -->
